nohup: ignoring input
[0m[32mDownload[0m https://registry.npmjs.org/@puppeteer%2fbrowsers
[0m[32mDownload[0m https://registry.npmjs.org/cosmiconfig
[0m[32mDownload[0m https://registry.npmjs.org/devtools-protocol
[0m[32mDownload[0m https://registry.npmjs.org/extract-zip
[0m[32mDownload[0m https://registry.npmjs.org/progress
[0m[32mDownload[0m https://registry.npmjs.org/proxy-agent
[0m[32mDownload[0m https://registry.npmjs.org/semver
[0m[32mDownload[0m https://registry.npmjs.org/tar-fs
[0m[32mDownload[0m https://registry.npmjs.org/unbzip2-stream
[0m[32mDownload[0m https://registry.npmjs.org/yargs
[0m[32mDownload[0m https://registry.npmjs.org/env-paths
[0m[32mDownload[0m https://registry.npmjs.org/import-fresh
[0m[32mDownload[0m https://registry.npmjs.org/js-yaml
[0m[32mDownload[0m https://registry.npmjs.org/parse-json
[0m[32mDownload[0m https://registry.npmjs.org/typescript
[0m[32mDownload[0m https://registry.npmjs.org/chromium-bidi
[0m[32mDownload[0m https://registry.npmjs.org/ws
[0m[32mDownload[0m https://registry.npmjs.org/@types%2fyauzl
[0m[32mDownload[0m https://registry.npmjs.org/get-stream
[0m[32mDownload[0m https://registry.npmjs.org/yauzl
[0m[32mDownload[0m https://registry.npmjs.org/agent-base
[0m[32mDownload[0m https://registry.npmjs.org/http-proxy-agent
[0m[32mDownload[0m https://registry.npmjs.org/https-proxy-agent
[0m[32mDownload[0m https://registry.npmjs.org/lru-cache
[0m[32mDownload[0m https://registry.npmjs.org/pac-proxy-agent
[0m[32mDownload[0m https://registry.npmjs.org/proxy-from-env
[0m[32mDownload[0m https://registry.npmjs.org/socks-proxy-agent
[0m[32mDownload[0m https://registry.npmjs.org/bare-fs
[0m[32mDownload[0m https://registry.npmjs.org/bare-path
[0m[32mDownload[0m https://registry.npmjs.org/pump
[0m[32mDownload[0m https://registry.npmjs.org/tar-stream
[0m[32mDownload[0m https://registry.npmjs.org/buffer
[0m[32mDownload[0m https://registry.npmjs.org/through
[0m[32mDownload[0m https://registry.npmjs.org/cliui
[0m[32mDownload[0m https://registry.npmjs.org/escalade
[0m[32mDownload[0m https://registry.npmjs.org/get-caller-file
[0m[32mDownload[0m https://registry.npmjs.org/require-directory
[0m[32mDownload[0m https://registry.npmjs.org/string-width
[0m[32mDownload[0m https://registry.npmjs.org/y18n
[0m[32mDownload[0m https://registry.npmjs.org/yargs-parser
[0m[32mDownload[0m https://registry.npmjs.org/parent-module
[0m[32mDownload[0m https://registry.npmjs.org/resolve-from
[0m[32mDownload[0m https://registry.npmjs.org/argparse
[0m[32mDownload[0m https://registry.npmjs.org/@babel%2fcode-frame
[0m[32mDownload[0m https://registry.npmjs.org/error-ex
[0m[32mDownload[0m https://registry.npmjs.org/json-parse-even-better-errors
[0m[32mDownload[0m https://registry.npmjs.org/lines-and-columns
[0m[32mDownload[0m https://registry.npmjs.org/mitt
[0m[32mDownload[0m https://registry.npmjs.org/urlpattern-polyfill
[0m[32mDownload[0m https://registry.npmjs.org/zod
[0m[32mDownload[0m https://registry.npmjs.org/bufferutil
[0m[32mDownload[0m https://registry.npmjs.org/utf-8-validate
[0m[32mDownload[0m https://registry.npmjs.org/@types%2fnode
[0m[32mDownload[0m https://registry.npmjs.org/buffer-crc32
[0m[32mDownload[0m https://registry.npmjs.org/fd-slicer
[0m[32mDownload[0m https://registry.npmjs.org/@tootallnate%2fquickjs-emscripten
[0m[32mDownload[0m https://registry.npmjs.org/get-uri
[0m[32mDownload[0m https://registry.npmjs.org/pac-resolver
[0m[32mDownload[0m https://registry.npmjs.org/socks
[0m[32mDownload[0m https://registry.npmjs.org/bare-buffer
[0m[32mDownload[0m https://registry.npmjs.org/bare-events
[0m[32mDownload[0m https://registry.npmjs.org/bare-stream
[0m[32mDownload[0m https://registry.npmjs.org/bare-url
[0m[32mDownload[0m https://registry.npmjs.org/fast-fifo
[0m[32mDownload[0m https://registry.npmjs.org/bare-os
[0m[32mDownload[0m https://registry.npmjs.org/end-of-stream
[0m[32mDownload[0m https://registry.npmjs.org/b4a
[0m[32mDownload[0m https://registry.npmjs.org/streamx
[0m[32mDownload[0m https://registry.npmjs.org/base64-js
[0m[32mDownload[0m https://registry.npmjs.org/ieee754
[0m[32mDownload[0m https://registry.npmjs.org/strip-ansi
[0m[32mDownload[0m https://registry.npmjs.org/wrap-ansi
[0m[32mDownload[0m https://registry.npmjs.org/emoji-regex
[0m[32mDownload[0m https://registry.npmjs.org/is-fullwidth-code-point
[0m[32mDownload[0m https://registry.npmjs.org/callsites
[0m[32mDownload[0m https://registry.npmjs.org/@babel%2fhelper-validator-identifier
[0m[32mDownload[0m https://registry.npmjs.org/js-tokens
[0m[32mDownload[0m https://registry.npmjs.org/picocolors
[0m[32mDownload[0m https://registry.npmjs.org/is-arrayish
[0m[32mDownload[0m https://registry.npmjs.org/undici-types
[0m[32mDownload[0m https://registry.npmjs.org/pend
[0m[32mDownload[0m https://registry.npmjs.org/basic-ftp
[0m[32mDownload[0m https://registry.npmjs.org/data-uri-to-buffer
[0m[32mDownload[0m https://registry.npmjs.org/degenerator
[0m[32mDownload[0m https://registry.npmjs.org/netmask
[0m[32mDownload[0m https://registry.npmjs.org/ip-address
[0m[32mDownload[0m https://registry.npmjs.org/smart-buffer
[0m[32mDownload[0m https://registry.npmjs.org/bare-abort-controller
[0m[32mDownload[0m https://registry.npmjs.org/teex
[0m[32mDownload[0m https://registry.npmjs.org/react-native-b4a
[0m[32mDownload[0m https://registry.npmjs.org/events-universal
[0m[32mDownload[0m https://registry.npmjs.org/text-decoder
[0m[32mDownload[0m https://registry.npmjs.org/ansi-regex
[0m[32mDownload[0m https://registry.npmjs.org/ansi-styles
[0m[32mDownload[0m https://registry.npmjs.org/ast-types
[0m[32mDownload[0m https://registry.npmjs.org/escodegen
[0m[32mDownload[0m https://registry.npmjs.org/esprima
[0m[32mDownload[0m https://registry.npmjs.org/color-convert
[0m[32mDownload[0m https://registry.npmjs.org/tslib
[0m[32mDownload[0m https://registry.npmjs.org/estraverse
[0m[32mDownload[0m https://registry.npmjs.org/esutils
[0m[32mDownload[0m https://registry.npmjs.org/source-map
[0m[32mDownload[0m https://registry.npmjs.org/color-name
[0m[32mDownload[0m https://registry.npmjs.org/puppeteer/-/puppeteer-22.15.0.tgz
[0m[32mDownload[0m https://registry.npmjs.org/puppeteer-core/-/puppeteer-core-22.15.0.tgz
[0m[32mDownload[0m https://registry.npmjs.org/cosmiconfig/-/cosmiconfig-9.0.1.tgz
[0m[32mDownload[0m https://registry.npmjs.org/@puppeteer/browsers/-/browsers-2.3.0.tgz
[0m[32mDownload[0m https://registry.npmjs.org/devtools-protocol/-/devtools-protocol-0.0.1312386.tgz
[0m[32mDownload[0m https://registry.npmjs.org/ws/-/ws-8.20.0.tgz
[0m[32mDownload[0m https://registry.npmjs.org/chromium-bidi/-/chromium-bidi-0.6.3.tgz
[0m[32mDownload[0m https://registry.npmjs.org/env-paths/-/env-paths-2.2.1.tgz
[0m[32mDownload[0m https://registry.npmjs.org/js-yaml/-/js-yaml-4.1.1.tgz
[0m[32mDownload[0m https://registry.npmjs.org/parse-json/-/parse-json-5.2.0.tgz
[0m[32mDownload[0m https://registry.npmjs.org/import-fresh/-/import-fresh-3.3.1.tgz
[0m[32mDownload[0m https://registry.npmjs.org/proxy-agent/-/proxy-agent-6.5.0.tgz
[0m[32mDownload[0m https://registry.npmjs.org/extract-zip/-/extract-zip-2.0.1.tgz
[0m[32mDownload[0m https://registry.npmjs.org/unbzip2-stream/-/unbzip2-stream-1.4.3.tgz
[0m[32mDownload[0m https://registry.npmjs.org/tar-fs/-/tar-fs-3.1.2.tgz
[0m[32mDownload[0m https://registry.npmjs.org/semver/-/semver-7.7.4.tgz
[0m[32mDownload[0m https://registry.npmjs.org/progress/-/progress-2.0.3.tgz
[0m[32mDownload[0m https://registry.npmjs.org/yargs/-/yargs-17.7.2.tgz
[0m[32mDownload[0m https://registry.npmjs.org/mitt/-/mitt-3.0.1.tgz
[0m[32mDownload[0m https://registry.npmjs.org/zod/-/zod-3.23.8.tgz
[0m[32mDownload[0m https://registry.npmjs.org/urlpattern-polyfill/-/urlpattern-polyfill-10.0.0.tgz
[0m[32mDownload[0m https://registry.npmjs.org/argparse/-/argparse-2.0.1.tgz
[0m[32mDownload[0m https://registry.npmjs.org/error-ex/-/error-ex-1.3.4.tgz
[0m[32mDownload[0m https://registry.npmjs.org/lines-and-columns/-/lines-and-columns-1.2.4.tgz
[0m[32mDownload[0m https://registry.npmjs.org/@babel/code-frame/-/code-frame-7.29.0.tgz
[0m[32mDownload[0m https://registry.npmjs.org/json-parse-even-better-errors/-/json-parse-even-better-errors-2.3.1.tgz
[0m[32mDownload[0m https://registry.npmjs.org/parent-module/-/parent-module-1.0.1.tgz
[0m[32mDownload[0m https://registry.npmjs.org/resolve-from/-/resolve-from-4.0.0.tgz
[0m[32mDownload[0m https://registry.npmjs.org/proxy-from-env/-/proxy-from-env-1.1.0.tgz
[0m[32mDownload[0m https://registry.npmjs.org/http-proxy-agent/-/http-proxy-agent-7.0.2.tgz
[0m[32mDownload[0m https://registry.npmjs.org/agent-base/-/agent-base-7.1.4.tgz
[0m[32mDownload[0m https://registry.npmjs.org/socks-proxy-agent/-/socks-proxy-agent-8.0.5.tgz
[0m[32mDownload[0m https://registry.npmjs.org/https-proxy-agent/-/https-proxy-agent-7.0.6.tgz
[0m[32mDownload[0m https://registry.npmjs.org/lru-cache/-/lru-cache-7.18.3.tgz
[0m[32mDownload[0m https://registry.npmjs.org/pac-proxy-agent/-/pac-proxy-agent-7.2.0.tgz
[0m[32mDownload[0m https://registry.npmjs.org/get-stream/-/get-stream-5.2.0.tgz
[0m[32mDownload[0m https://registry.npmjs.org/yauzl/-/yauzl-2.10.0.tgz
[0m[32mDownload[0m https://registry.npmjs.org/@types/yauzl/-/yauzl-2.10.3.tgz
[0m[32mDownload[0m https://registry.npmjs.org/through/-/through-2.3.8.tgz
[0m[32mDownload[0m https://registry.npmjs.org/buffer/-/buffer-5.7.1.tgz
[0m[32mDownload[0m https://registry.npmjs.org/bare-path/-/bare-path-3.0.0.tgz
[0m[32mDownload[0m https://registry.npmjs.org/bare-fs/-/bare-fs-4.6.0.tgz
[0m[32mDownload[0m https://registry.npmjs.org/pump/-/pump-3.0.4.tgz
[0m[32mDownload[0m https://registry.npmjs.org/tar-stream/-/tar-stream-3.1.8.tgz
[0m[32mDownload[0m https://registry.npmjs.org/escalade/-/escalade-3.2.0.tgz
[0m[32mDownload[0m https://registry.npmjs.org/string-width/-/string-width-4.2.3.tgz
[0m[32mDownload[0m https://registry.npmjs.org/get-caller-file/-/get-caller-file-2.0.5.tgz
[0m[32mDownload[0m https://registry.npmjs.org/y18n/-/y18n-5.0.8.tgz
[0m[32mDownload[0m https://registry.npmjs.org/require-directory/-/require-directory-2.1.1.tgz
[0m[32mDownload[0m https://registry.npmjs.org/yargs-parser/-/yargs-parser-21.1.1.tgz
[0m[32mDownload[0m https://registry.npmjs.org/cliui/-/cliui-8.0.1.tgz
[0m[32mDownload[0m https://registry.npmjs.org/is-arrayish/-/is-arrayish-0.2.1.tgz
[0m[32mDownload[0m https://registry.npmjs.org/picocolors/-/picocolors-1.1.1.tgz
[0m[32mDownload[0m https://registry.npmjs.org/@babel/helper-validator-identifier/-/helper-validator-identifier-7.28.5.tgz
[0m[32mDownload[0m https://registry.npmjs.org/js-tokens/-/js-tokens-4.0.0.tgz
[0m[32mDownload[0m https://registry.npmjs.org/callsites/-/callsites-3.1.0.tgz
[0m[32mDownload[0m https://registry.npmjs.org/socks/-/socks-2.8.7.tgz
[0m[32mDownload[0m https://registry.npmjs.org/@tootallnate/quickjs-emscripten/-/quickjs-emscripten-0.23.0.tgz
[0m[32mDownload[0m https://registry.npmjs.org/get-uri/-/get-uri-6.0.5.tgz
[0m[32mDownload[0m https://registry.npmjs.org/pac-resolver/-/pac-resolver-7.0.1.tgz
[0m[32mDownload[0m https://registry.npmjs.org/fd-slicer/-/fd-slicer-1.1.0.tgz
[0m[32mDownload[0m https://registry.npmjs.org/buffer-crc32/-/buffer-crc32-0.2.13.tgz
[0m[32mDownload[0m https://registry.npmjs.org/@types/node/-/node-25.5.2.tgz
[0m[32mDownload[0m https://registry.npmjs.org/base64-js/-/base64-js-1.5.1.tgz
[0m[32mDownload[0m https://registry.npmjs.org/ieee754/-/ieee754-1.2.1.tgz
[0m[32mDownload[0m https://registry.npmjs.org/bare-os/-/bare-os-3.8.7.tgz
[0m[32mDownload[0m https://registry.npmjs.org/fast-fifo/-/fast-fifo-1.3.2.tgz
[0m[32mDownload[0m https://registry.npmjs.org/bare-url/-/bare-url-2.4.0.tgz
[0m[32mDownload[0m https://registry.npmjs.org/bare-stream/-/bare-stream-2.12.0.tgz
[0m[32mDownload[0m https://registry.npmjs.org/bare-events/-/bare-events-2.8.2.tgz
[0m[32mDownload[0m https://registry.npmjs.org/end-of-stream/-/end-of-stream-1.4.5.tgz
[0m[32mDownload[0m https://registry.npmjs.org/b4a/-/b4a-1.8.0.tgz
[0m[32mDownload[0m https://registry.npmjs.org/streamx/-/streamx-2.25.0.tgz
[0m[32mDownload[0m https://registry.npmjs.org/strip-ansi/-/strip-ansi-6.0.1.tgz
[0m[32mDownload[0m https://registry.npmjs.org/is-fullwidth-code-point/-/is-fullwidth-code-point-3.0.0.tgz
[0m[32mDownload[0m https://registry.npmjs.org/emoji-regex/-/emoji-regex-8.0.0.tgz
[0m[32mDownload[0m https://registry.npmjs.org/wrap-ansi/-/wrap-ansi-7.0.0.tgz
[0m[32mDownload[0m https://registry.npmjs.org/ip-address/-/ip-address-10.1.0.tgz
[0m[32mDownload[0m https://registry.npmjs.org/smart-buffer/-/smart-buffer-4.2.0.tgz
[0m[32mDownload[0m https://registry.npmjs.org/basic-ftp/-/basic-ftp-5.2.0.tgz
[0m[32mDownload[0m https://registry.npmjs.org/data-uri-to-buffer/-/data-uri-to-buffer-6.0.2.tgz
[0m[32mDownload[0m https://registry.npmjs.org/netmask/-/netmask-2.1.0.tgz
[0m[32mDownload[0m https://registry.npmjs.org/degenerator/-/degenerator-5.0.1.tgz
[0m[32mDownload[0m https://registry.npmjs.org/pend/-/pend-1.2.0.tgz
[0m[32mDownload[0m https://registry.npmjs.org/undici-types/-/undici-types-7.18.2.tgz
[0m[32mDownload[0m https://registry.npmjs.org/teex/-/teex-1.0.1.tgz
[0m[32mDownload[0m https://registry.npmjs.org/events-universal/-/events-universal-1.0.1.tgz
[0m[32mDownload[0m https://registry.npmjs.org/text-decoder/-/text-decoder-1.2.7.tgz
[0m[32mDownload[0m https://registry.npmjs.org/ansi-regex/-/ansi-regex-5.0.1.tgz
[0m[32mDownload[0m https://registry.npmjs.org/ansi-styles/-/ansi-styles-4.3.0.tgz
[0m[32mDownload[0m https://registry.npmjs.org/ast-types/-/ast-types-0.13.4.tgz
[0m[32mDownload[0m https://registry.npmjs.org/escodegen/-/escodegen-2.1.0.tgz
[0m[32mDownload[0m https://registry.npmjs.org/esprima/-/esprima-4.0.1.tgz
[0m[32mDownload[0m https://registry.npmjs.org/color-convert/-/color-convert-2.0.1.tgz
[0m[32mDownload[0m https://registry.npmjs.org/tslib/-/tslib-2.8.1.tgz
[0m[32mDownload[0m https://registry.npmjs.org/esutils/-/esutils-2.0.3.tgz
[0m[32mDownload[0m https://registry.npmjs.org/estraverse/-/estraverse-5.3.0.tgz
[0m[32mDownload[0m https://registry.npmjs.org/source-map/-/source-map-0.6.1.tgz
[0m[32mDownload[0m https://registry.npmjs.org/color-name/-/color-name-1.1.4.tgz
[0m[32mInitialize[0m import-fresh@3.3.1
[0m[32mInitialize[0m agent-base@7.1.4
[0m[32mInitialize[0m proxy-agent@6.5.0
[0m[32mInitialize[0m semver@7.7.4
[0m[32mInitialize[0m error-ex@1.3.4
[0m[32mInitialize[0m unbzip2-stream@1.4.3
[0m[32mInitialize[0m argparse@2.0.1
[0m[32mInitialize[0m parent-module@1.0.1
[0m[32mInitialize[0m cosmiconfig@9.0.1
[0m[32mInitialize[0m yargs-parser@21.1.1
[0m[32mInitialize[0m through@2.3.8
[0m[32mInitialize[0m lines-and-columns@1.2.4
[0m[32mInitialize[0m extract-zip@2.0.1
[0m[32mInitialize[0m https-proxy-agent@7.0.6
[0m[32mInitialize[0m resolve-from@4.0.0
[0m[32mInitialize[0m lru-cache@7.18.3
[0m[32mInitialize[0m callsites@3.1.0
[0m[32mInitialize[0m pac-proxy-agent@7.2.0
[0m[32mInitialize[0m socks-proxy-agent@8.0.5
[0m[32mInitialize[0m puppeteer@22.15.0
[0m[32mInitialize[0m yargs@17.7.2
[0m[32mInitialize[0m js-tokens@4.0.0
[0m[32mInitialize[0m get-stream@5.2.0
[0m[32mInitialize[0m cliui@8.0.1
[0m[32mInitialize[0m escalade@3.2.0
[0m[32mInitialize[0m pac-resolver@7.0.1
[0m[32mInitialize[0m buffer@5.7.1
[0m[32mInitialize[0m tar-stream@3.1.8
[0m[32mInitialize[0m degenerator@5.0.1
[0m[32mInitialize[0m y18n@5.0.8
[0m[32mInitialize[0m devtools-protocol@0.0.1312386
[0m[32mInitialize[0m json-parse-even-better-errors@2.3.1
[0m[32mInitialize[0m tar-fs@3.1.2
[0m[32mInitialize[0m bare-events@2.8.2
[0m[32mInitialize[0m bare-path@3.0.0
[0m[32mInitialize[0m ip-address@10.1.0
[0m[32mInitialize[0m esprima@4.0.1
[0m[32mInitialize[0m teex@1.0.1
[0m[32mInitialize[0m streamx@2.25.0
[0m[32mInitialize[0m ieee754@1.2.1
[0m[32mInitialize[0m emoji-regex@8.0.0
[0m[32mInitialize[0m picocolors@1.1.1
[0m[32mInitialize[0m http-proxy-agent@7.0.2
[0m[32mInitialize[0m env-paths@2.2.1
[0m[32mInitialize[0m js-yaml@4.1.1
[0m[32mInitialize[0m basic-ftp@5.2.0
[0m[32mInitialize[0m end-of-stream@1.4.5
[0m[32mInitialize[0m is-fullwidth-code-point@3.0.0
[0m[32mInitialize[0m is-arrayish@0.2.1
[0m[32mInitialize[0m color-name@1.1.4
[0m[32mInitialize[0m fd-slicer@1.1.0
[0m[32mInitialize[0m socks@2.8.7
[0m[32mInitialize[0m zod@3.23.8
[0m[32mInitialize[0m base64-js@1.5.1
[0m[32mInitialize[0m proxy-from-env@1.1.0
[0m[32mInitialize[0m netmask@2.1.0
[0m[32mInitialize[0m buffer-crc32@0.2.13
[0m[32mInitialize[0m @types/yauzl@2.10.3
[0m[32mInitialize[0m mitt@3.0.1
[0m[32mInitialize[0m urlpattern-polyfill@10.0.0
[0m[32mInitialize[0m estraverse@5.3.0
[0m[32mInitialize[0m ws@8.20.0
[0m[32mInitialize[0m @babel/helper-validator-identifier@7.28.5
[0m[32mInitialize[0m source-map@0.6.1
[0m[32mInitialize[0m wrap-ansi@7.0.0
[0m[32mInitialize[0m text-decoder@1.2.7
[0m[32mInitialize[0m require-directory@2.1.1
[0m[32mInitialize[0m color-convert@2.0.1
[0m[32mInitialize[0m ansi-regex@5.0.1
[0m[32mInitialize[0m yauzl@2.10.0
[0m[32mInitialize[0m string-width@4.2.3
[0m[32mInitialize[0m esutils@2.0.3
[0m[32mInitialize[0m data-uri-to-buffer@6.0.2
[0m[32mInitialize[0m smart-buffer@4.2.0
[0m[32mInitialize[0m escodegen@2.1.0
[0m[32mInitialize[0m parse-json@5.2.0
[0m[32mInitialize[0m get-caller-file@2.0.5
[0m[32mInitialize[0m get-uri@6.0.5
[0m[32mInitialize[0m fast-fifo@1.3.2
[0m[32mInitialize[0m pend@1.2.0
[0m[32mInitialize[0m @babel/code-frame@7.29.0
[0m[32mInitialize[0m undici-types@7.18.2
[0m[32mInitialize[0m pump@3.0.4
[0m[32mInitialize[0m progress@2.0.3
[0m[32mInitialize[0m events-universal@1.0.1
[0m[32mInitialize[0m strip-ansi@6.0.1
[0m[32mInitialize[0m ansi-styles@4.3.0
[0m[32mInitialize[0m b4a@1.8.0
[0m[32mInitialize[0m bare-stream@2.12.0
[0m[32mInitialize[0m bare-url@2.4.0
[0m[32mInitialize[0m ast-types@0.13.4
[0m[32mInitialize[0m @puppeteer/browsers@2.3.0
[0m[32mInitialize[0m tslib@2.8.1
[0m[32mInitialize[0m bare-fs@4.6.0
[0m[32mInitialize[0m bare-os@3.8.7
[0m[32mInitialize[0m @types/node@25.5.2
[0m[32mInitialize[0m @tootallnate/quickjs-emscripten@0.23.0
[0m[32mInitialize[0m chromium-bidi@0.6.3
[0m[32mInitialize[0m puppeteer-core@22.15.0
[0m[33mWarning[0m The following packages are deprecated:
┖─ [0m[38;5;245mnpm:puppeteer@22.15.0 (< 24.15.0 is no longer supported)[0m
🚀 JobNexus Deno API Bridge running on http://localhost:3456
